<?xml version="1.0" encoding="UTF-8" ?>
<testsuite errors="1" failures="0" hostname="local" name="com.test.SalesforceTest" skipped="0" tests="1" time="0.0" timestamp="2015-12-18T06:00:22">
  <properties>
    <property name="java.vendor" value="Oracle Corporation" />
    <property name="sun.java.launcher" value="SUN_STANDARD" />
    <property name="eclipse.pdebuild.templates" value="/home/infra3/installations/IDE/selenuim/eclipse-s1/plugins/org.eclipse.pde.build_3.9.100.v20150521-1524/templates//" />
    <property name="sun.management.compiler" value="HotSpot 64-Bit Tiered Compilers" />
    <property name="lib" value="/home/infra3/eclipse_workspace/selenium/s1/Selenium_Test/lib" />
    <property name="ant.file.Ant Example" value="/home/infra3/eclipse_workspace/selenium/s1/Selenium_Test/build.xml" />
    <property name="os.name" value="Linux" />
    <property name="sun.boot.class.path" value="/usr/lib/jvm/java-8-oracle/jre/lib/resources.jar:/usr/lib/jvm/java-8-oracle/jre/lib/rt.jar:/usr/lib/jvm/java-8-oracle/jre/lib/sunrsasign.jar:/usr/lib/jvm/java-8-oracle/jre/lib/jsse.jar:/usr/lib/jvm/java-8-oracle/jre/lib/jce.jar:/usr/lib/jvm/java-8-oracle/jre/lib/charsets.jar:/usr/lib/jvm/java-8-oracle/jre/lib/jfr.jar:/usr/lib/jvm/java-8-oracle/jre/classes" />
    <property name="sun.desktop" value="gnome" />
    <property name="java.vm.specification.vendor" value="Oracle Corporation" />
    <property name="ant.home" value="/home/infra3/installations/IDE/selenuim/eclipse-s1/plugins/org.apache.ant_1.9.4.v201504302020" />
    <property name="java.runtime.version" value="1.8.0_65-b17" />
    <property name="ant.file.type.Ant Example" value="file" />
    <property name="user.name" value="infra3" />
    <property name="reports" value="/home/infra3/eclipse_workspace/selenium/s1/Selenium_Test/reports" />
    <property name="user.language" value="en" />
    <property name="build" value="/home/infra3/eclipse_workspace/selenium/s1/Selenium_Test/build/classes" />
    <property name="sun.boot.library.path" value="/usr/lib/jvm/java-8-oracle/jre/lib/amd64" />
    <property name="ant.project.default-target" value="junitreport" />
    <property name="ant.project.name" value="Ant Example" />
    <property name="java.version" value="1.8.0_65" />
    <property name="user.timezone" value="" />
    <property name="sun.arch.data.model" value="64" />
    <property name="java.endorsed.dirs" value="/usr/lib/jvm/java-8-oracle/jre/lib/endorsed" />
    <property name="sun.cpu.isalist" value="" />
    <property name="sun.jnu.encoding" value="UTF-8" />
    <property name="file.encoding.pkg" value="sun.io" />
    <property name="file.separator" value="/" />
    <property name="java.specification.name" value="Java Platform API Specification" />
    <property name="java.class.version" value="52.0" />
    <property name="src" value="/home/infra3/eclipse_workspace/selenium/s1/Selenium_Test/src" />
    <property name="user.country" value="IN" />
    <property name="java.home" value="/usr/lib/jvm/java-8-oracle/jre" />
    <property name="java.vm.info" value="mixed mode" />
    <property name="ant.file" value="/home/infra3/eclipse_workspace/selenium/s1/Selenium_Test/build.xml" />
    <property name="os.version" value="3.19.0-32-generic" />
    <property name="project_name" value="Selenium_Test" />
    <property name="path.separator" value=":" />
    <property name="java.vm.version" value="25.65-b01" />
    <property name="ant.library.dir" value="/home/infra3/installations/IDE/selenuim/eclipse-s1/plugins/org.apache.ant_1.9.4.v201504302020/lib" />
    <property name="junit.output.dir" value="junit" />
    <property name="java.awt.printerjob" value="sun.print.PSPrinterJob" />
    <property name="sun.io.unicode.encoding" value="UnicodeLittle" />
    <property name="awt.toolkit" value="sun.awt.X11.XToolkit" />
    <property name="eclipse.pdebuild.scripts" value="/home/infra3/installations/IDE/selenuim/eclipse-s1/plugins/org.eclipse.pde.build_3.9.100.v20150521-1524/scripts//" />
    <property name="user.home" value="/home/infra3" />
    <property name="java.specification.vendor" value="Oracle Corporation" />
    <property name="java.library.path" value="/usr/java/packages/lib/amd64:/usr/lib64:/lib64:/lib:/usr/lib" />
    <property name="java.vendor.url" value="http://java.oracle.com/" />
    <property name="java.vm.vendor" value="Oracle Corporation" />
    <property name="java.runtime.name" value="Java(TM) SE Runtime Environment" />
    <property name="sun.java.command" value="org.apache.tools.ant.taskdefs.optional.junit.JUnitTestRunner com.test.SalesforceTest skipNonTests=false filtertrace=true haltOnError=false haltOnFailure=false formatter=org.apache.tools.ant.taskdefs.optional.junit.OutErrSummaryJUnitResultFormatter showoutput=false outputtoformatters=true logfailedtests=true threadid=0 logtestlistenerevents=false formatter=org.apache.tools.ant.taskdefs.optional.junit.XMLJUnitResultFormatter,/home/infra3/eclipse_workspace/selenium/s1/Selenium_Test/junit/TEST-com.test.SalesforceTest.xml crashfile=/home/infra3/eclipse_workspace/selenium/s1/Selenium_Test/junitvmwatcher1727688621409242817.properties propsfile=/home/infra3/eclipse_workspace/selenium/s1/Selenium_Test/junit6209195402262370368.properties" />
    <property name="java.class.path" value="/home/infra3/eclipse_workspace/selenium/s1/Selenium_Test/lib/apache-mime4j-0.6.jar:/home/infra3/eclipse_workspace/selenium/s1/Selenium_Test/lib/bsh-2.0b4.jar:/home/infra3/eclipse_workspace/selenium/s1/Selenium_Test/lib/cglib-nodep-2.1_3.jar:/home/infra3/eclipse_workspace/selenium/s1/Selenium_Test/lib/commons-codec-1.10.jar:/home/infra3/eclipse_workspace/selenium/s1/Selenium_Test/lib/commons-collections-3.2.1.jar:/home/infra3/eclipse_workspace/selenium/s1/Selenium_Test/lib/commons-el-1.0.jar:/home/infra3/eclipse_workspace/selenium/s1/Selenium_Test/lib/commons-exec-1.3.jar:/home/infra3/eclipse_workspace/selenium/s1/Selenium_Test/lib/commons-io-2.4.jar:/home/infra3/eclipse_workspace/selenium/s1/Selenium_Test/lib/commons-lang3-3.4.jar:/home/infra3/eclipse_workspace/selenium/s1/Selenium_Test/lib/commons-logging-1.2.jar:/home/infra3/eclipse_workspace/selenium/s1/Selenium_Test/lib/cssparser-0.9.16.jar:/home/infra3/eclipse_workspace/selenium/s1/Selenium_Test/lib/gson-2.3.1.jar:/home/infra3/eclipse_workspace/selenium/s1/Selenium_Test/lib/guava-18.0.jar:/home/infra3/eclipse_workspace/selenium/s1/Selenium_Test/lib/hamcrest-core-1.3.jar:/home/infra3/eclipse_workspace/selenium/s1/Selenium_Test/lib/hamcrest-library-1.3.jar:/home/infra3/eclipse_workspace/selenium/s1/Selenium_Test/lib/htmlunit-2.18.jar:/home/infra3/eclipse_workspace/selenium/s1/Selenium_Test/lib/htmlunit-core-js-2.17.jar:/home/infra3/eclipse_workspace/selenium/s1/Selenium_Test/lib/httpclient-4.5.1.jar:/home/infra3/eclipse_workspace/selenium/s1/Selenium_Test/lib/httpcore-4.4.3.jar:/home/infra3/eclipse_workspace/selenium/s1/Selenium_Test/lib/httpmime-4.5.jar:/home/infra3/eclipse_workspace/selenium/s1/Selenium_Test/lib/jasper-compiler-5.5.15.jar:/home/infra3/eclipse_workspace/selenium/s1/Selenium_Test/lib/jasper-compiler-jdt-5.5.15.jar:/home/infra3/eclipse_workspace/selenium/s1/Selenium_Test/lib/jasper-runtime-5.5.15.jar:/home/infra3/eclipse_workspace/selenium/s1/Selenium_Test/lib/javax.servlet-api-3.1.0.jar:/home/infra3/eclipse_workspace/selenium/s1/Selenium_Test/lib/jcommander-1.48.jar:/home/infra3/eclipse_workspace/selenium/s1/Selenium_Test/lib/jetty-continuation-9.2.13.v20150730.jar:/home/infra3/eclipse_workspace/selenium/s1/Selenium_Test/lib/jetty-http-9.2.13.v20150730.jar:/home/infra3/eclipse_workspace/selenium/s1/Selenium_Test/lib/jetty-io-9.2.13.v20150730.jar:/home/infra3/eclipse_workspace/selenium/s1/Selenium_Test/lib/jetty-jmx-9.2.13.v20150730.jar:/home/infra3/eclipse_workspace/selenium/s1/Selenium_Test/lib/jetty-security-9.2.13.v20150730.jar:/home/infra3/eclipse_workspace/selenium/s1/Selenium_Test/lib/jetty-server-9.2.13.v20150730.jar:/home/infra3/eclipse_workspace/selenium/s1/Selenium_Test/lib/jetty-servlet-9.2.13.v20150730.jar:/home/infra3/eclipse_workspace/selenium/s1/Selenium_Test/lib/jetty-servlets-9.2.13.v20150730.jar:/home/infra3/eclipse_workspace/selenium/s1/Selenium_Test/lib/jetty-util-9.2.13.v20150730.jar:/home/infra3/eclipse_workspace/selenium/s1/Selenium_Test/lib/jna-4.1.0.jar:/home/infra3/eclipse_workspace/selenium/s1/Selenium_Test/lib/jna-platform-4.1.0.jar:/home/infra3/eclipse_workspace/selenium/s1/Selenium_Test/lib/jsp-api-2.0.jar:/home/infra3/eclipse_workspace/selenium/s1/Selenium_Test/lib/junit-4.12.jar:/home/infra3/eclipse_workspace/selenium/s1/Selenium_Test/lib/nekohtml-1.9.22.jar:/home/infra3/eclipse_workspace/selenium/s1/Selenium_Test/lib/netty-3.5.7.Final.jar:/home/infra3/eclipse_workspace/selenium/s1/Selenium_Test/lib/phantomjsdriver-1.2.1.jar:/home/infra3/eclipse_workspace/selenium/s1/Selenium_Test/lib/sac-1.3.jar:/home/infra3/eclipse_workspace/selenium/s1/Selenium_Test/lib/selenium-java-2.48.2.jar:/home/infra3/eclipse_workspace/selenium/s1/Selenium_Test/lib/serializer-2.7.2.jar:/home/infra3/eclipse_workspace/selenium/s1/Selenium_Test/lib/testng-6.9.6.jar:/home/infra3/eclipse_workspace/selenium/s1/Selenium_Test/lib/websocket-api-9.2.13.v20150730.jar:/home/infra3/eclipse_workspace/selenium/s1/Selenium_Test/lib/websocket-client-9.2.13.v20150730.jar:/home/infra3/eclipse_workspace/selenium/s1/Selenium_Test/lib/websocket-common-9.2.13.v20150730.jar:/home/infra3/eclipse_workspace/selenium/s1/Selenium_Test/lib/xalan-2.7.2.jar:/home/infra3/eclipse_workspace/selenium/s1/Selenium_Test/lib/xercesImpl-2.11.0.jar:/home/infra3/eclipse_workspace/selenium/s1/Selenium_Test/lib/xml-apis-1.4.01.jar:/home/infra3/installations/IDE/selenuim/eclipse-s1/plugins/org.apache.ant_1.9.4.v201504302020/lib/ant-launcher.jar:/home/infra3/installations/IDE/selenuim/eclipse-s1/plugins/org.apache.ant_1.9.4.v201504302020/lib/ant.jar:/home/infra3/installations/IDE/selenuim/eclipse-s1/plugins/org.apache.ant_1.9.4.v201504302020/lib/ant-junit.jar:/home/infra3/installations/IDE/selenuim/eclipse-s1/plugins/org.apache.ant_1.9.4.v201504302020/lib/ant-junit4.jar" />
    <property name="ant.version" value="Apache Ant(TM) version 1.9.4 compiled on April 29 2014" />
    <property name="java.vm.specification.name" value="Java Virtual Machine Specification" />
    <property name="java.vm.specification.version" value="1.8" />
    <property name="sun.cpu.endian" value="little" />
    <property name="sun.os.patch.level" value="unknown" />
    <property name="eclipse.pdebuild.home" value="/home/infra3/installations/IDE/selenuim/eclipse-s1/plugins/org.eclipse.pde.build_3.9.100.v20150521-1524/.//" />
    <property name="java.io.tmpdir" value="/tmp" />
    <property name="java.vendor.url.bug" value="http://bugreport.sun.com/bugreport/" />
    <property name="os.arch" value="amd64" />
    <property name="java.awt.graphicsenv" value="sun.awt.X11GraphicsEnvironment" />
    <property name="java.ext.dirs" value="/usr/lib/jvm/java-8-oracle/jre/lib/ext:/usr/java/packages/lib/ext" />
    <property name="user.dir" value="/home/infra3/eclipse_workspace/selenium/s1/Selenium_Test" />
    <property name="line.separator" value="&#xa;" />
    <property name="java.vm.name" value="Java HotSpot(TM) 64-Bit Server VM" />
    <property name="basedir" value="/home/infra3/eclipse_workspace/selenium/s1/Selenium_Test" />
    <property name="ant.java.version" value="1.8" />
    <property name="ant.core.lib" value="/home/infra3/installations/IDE/selenuim/eclipse-s1/plugins/org.apache.ant_1.9.4.v201504302020/lib/ant.jar" />
    <property name="file.encoding" value="UTF-8" />
    <property name="java.specification.version" value="1.8" />
    <property name="ant.project.invoked-targets" value="junitreport" />
  </properties>
  <error message="com.test.SalesforceTest" type="java.lang.ClassNotFoundException">java.lang.ClassNotFoundException: com.test.SalesforceTest
	at java.net.URLClassLoader.findClass(URLClassLoader.java:381)
	at java.lang.ClassLoader.loadClass(ClassLoader.java:424)
	at sun.misc.Launcher$AppClassLoader.loadClass(Launcher.java:331)
	at java.lang.ClassLoader.loadClass(ClassLoader.java:357)
	at java.lang.Class.forName0(Native Method)
	at java.lang.Class.forName(Class.java:264)
</error>
  <system-out><![CDATA[]]></system-out>
  <system-err><![CDATA[]]></system-err>
</testsuite>
